android/app/build/intermediates/manifest_merge_blame_file/release/processReleaseMainManifest/manifest-merger-blame-release-report.txt
1<?xml version="1.0" encoding="utf-8"?>
2<manifest xmlns:android="http://schemas.android.com/apk/res/android"
3    package="com.spark.wallet"
4    android:versionCode="1"
5    android:versionName="1.0.0" >
6
7    <uses-sdk
8        android:minSdkVersion="26"
9        android:targetSdkVersion="35" />
10
11    <!-- Network -->
12    <uses-permission android:name="android.permission.INTERNET" />
12-->src\main\AndroidManifest.xml:6:5-67
12-->src\main\AndroidManifest.xml:6:22-64
13    <uses-permission android:name="android.permission.ACCESS_NETWORK_STATE" />
13-->src\main\AndroidManifest.xml:7:5-79
13-->src\main\AndroidManifest.xml:7:22-76
14
15    <!-- Camera / QR Scanning -->
16    <uses-permission android:name="android.permission.CAMERA" />
16-->src\main\AndroidManifest.xml:10:5-65
16-->src\main\AndroidManifest.xml:10:22-62
17
18    <uses-feature
18-->src\main\AndroidManifest.xml:11:5-13:36
19        android:name="android.hardware.camera"
19-->src\main\AndroidManifest.xml:12:9-47
20        android:required="false" />
20-->src\main\AndroidManifest.xml:13:9-33
21    <uses-feature
21-->src\main\AndroidManifest.xml:14:5-16:36
22        android:name="android.hardware.camera.autofocus"
22-->src\main\AndroidManifest.xml:15:9-57
23        android:required="false" />
23-->src\main\AndroidManifest.xml:16:9-33
24
25    <!-- Biometrics & StrongBox / Keystore -->
26    <uses-permission android:name="android.permission.USE_BIOMETRIC" />
26-->src\main\AndroidManifest.xml:19:5-72
26-->src\main\AndroidManifest.xml:19:22-69
27
28    <uses-feature
28-->src\main\AndroidManifest.xml:20:5-22:36
29        android:name="android.hardware.strongbox_keystore"
29-->src\main\AndroidManifest.xml:21:9-59
30        android:required="false" />
30-->src\main\AndroidManifest.xml:22:9-33
31    <uses-feature
31-->src\main\AndroidManifest.xml:23:5-25:36
32        android:name="android.hardware.fingerprint"
32-->src\main\AndroidManifest.xml:24:9-52
33        android:required="false" />
33-->src\main\AndroidManifest.xml:25:9-33
34
35    <!-- Bluetooth Low Energy (Tap handshake) -->
36    <uses-permission
36-->src\main\AndroidManifest.xml:28:5-95
37        android:name="android.permission.BLUETOOTH"
37-->src\main\AndroidManifest.xml:28:22-65
38        android:maxSdkVersion="30" />
38-->src\main\AndroidManifest.xml:28:66-92
39    <uses-permission
39-->src\main\AndroidManifest.xml:29:5-101
40        android:name="android.permission.BLUETOOTH_ADMIN"
40-->src\main\AndroidManifest.xml:29:22-71
41        android:maxSdkVersion="30" />
41-->src\main\AndroidManifest.xml:29:72-98
42    <uses-permission
42-->src\main\AndroidManifest.xml:30:5-140
43        android:name="android.permission.BLUETOOTH_SCAN"
43-->src\main\AndroidManifest.xml:30:22-70
44        android:usesPermissionFlags="neverForLocation" />
44-->src\main\AndroidManifest.xml:30:71-117
45    <uses-permission android:name="android.permission.BLUETOOTH_ADVERTISE" />
45-->src\main\AndroidManifest.xml:31:5-98
45-->src\main\AndroidManifest.xml:31:22-75
46    <uses-permission android:name="android.permission.BLUETOOTH_CONNECT" />
46-->src\main\AndroidManifest.xml:32:5-96
46-->src\main\AndroidManifest.xml:32:22-73
47    <uses-permission
47-->src\main\AndroidManifest.xml:33:5-106
48        android:name="android.permission.ACCESS_FINE_LOCATION"
48-->src\main\AndroidManifest.xml:33:22-76
49        android:maxSdkVersion="30" />
49-->src\main\AndroidManifest.xml:33:77-103
50    <uses-permission
50-->src\main\AndroidManifest.xml:34:5-108
51        android:name="android.permission.ACCESS_COARSE_LOCATION"
51-->src\main\AndroidManifest.xml:34:22-78
52        android:maxSdkVersion="30" />
52-->src\main\AndroidManifest.xml:34:79-105
53
54    <uses-feature
54-->src\main\AndroidManifest.xml:35:5-37:36
55        android:name="android.hardware.bluetooth_le"
55-->src\main\AndroidManifest.xml:36:9-53
56        android:required="false" />
56-->src\main\AndroidManifest.xml:37:9-33
57
58    <!-- NFC -->
59    <uses-permission android:name="android.permission.NFC" />
59-->src\main\AndroidManifest.xml:40:5-62
59-->src\main\AndroidManifest.xml:40:22-59
60
61    <uses-feature
61-->src\main\AndroidManifest.xml:41:5-43:36
62        android:name="android.hardware.nfc"
62-->src\main\AndroidManifest.xml:42:9-44
63        android:required="false" />
63-->src\main\AndroidManifest.xml:43:9-33
64
65    <!-- suppress DeprecatedClassUsageInspection -->
66    <uses-permission android:name="android.permission.USE_FINGERPRINT" />
66-->[androidx.biometric:biometric:1.2.0-alpha05] AndroidManifest.xml:25:5-74
66-->[androidx.biometric:biometric:1.2.0-alpha05] AndroidManifest.xml:25:22-71
67
68    <permission
68-->[androidx.core:core:1.15.0] AndroidManifest.xml:22:5-24:47
69        android:name="com.spark.wallet.DYNAMIC_RECEIVER_NOT_EXPORTED_PERMISSION"
69-->[androidx.core:core:1.15.0] AndroidManifest.xml:23:9-81
70        android:protectionLevel="signature" />
70-->[androidx.core:core:1.15.0] AndroidManifest.xml:24:9-44
71
72    <uses-permission android:name="com.spark.wallet.DYNAMIC_RECEIVER_NOT_EXPORTED_PERMISSION" />
72-->[androidx.core:core:1.15.0] AndroidManifest.xml:26:5-97
72-->[androidx.core:core:1.15.0] AndroidManifest.xml:26:22-94
73
74    <uses-feature
74-->[com.journeyapps:zxing-android-embedded:4.3.0] AndroidManifest.xml:28:5-30:36
75        android:name="android.hardware.camera.front"
75-->[com.journeyapps:zxing-android-embedded:4.3.0] AndroidManifest.xml:29:9-53
76        android:required="false" />
76-->[com.journeyapps:zxing-android-embedded:4.3.0] AndroidManifest.xml:30:9-33
77    <uses-feature
77-->[com.journeyapps:zxing-android-embedded:4.3.0] AndroidManifest.xml:36:5-38:36
78        android:name="android.hardware.camera.flash"
78-->[com.journeyapps:zxing-android-embedded:4.3.0] AndroidManifest.xml:37:9-53
79        android:required="false" />
79-->[com.journeyapps:zxing-android-embedded:4.3.0] AndroidManifest.xml:38:9-33
80    <uses-feature
80-->[com.journeyapps:zxing-android-embedded:4.3.0] AndroidManifest.xml:39:5-41:36
81        android:name="android.hardware.screen.landscape"
81-->[com.journeyapps:zxing-android-embedded:4.3.0] AndroidManifest.xml:40:9-57
82        android:required="false" />
82-->[com.journeyapps:zxing-android-embedded:4.3.0] AndroidManifest.xml:41:9-33
83    <uses-feature
83-->[com.journeyapps:zxing-android-embedded:4.3.0] AndroidManifest.xml:42:5-44:36
84        android:name="android.hardware.wifi"
84-->[com.journeyapps:zxing-android-embedded:4.3.0] AndroidManifest.xml:43:9-45
85        android:required="false" />
85-->[com.journeyapps:zxing-android-embedded:4.3.0] AndroidManifest.xml:44:9-33
86
87    <application
87-->src\main\AndroidManifest.xml:45:5-64:19
88        android:allowBackup="false"
88-->src\main\AndroidManifest.xml:46:9-36
89        android:appComponentFactory="androidx.core.app.CoreComponentFactory"
89-->[androidx.core:core:1.15.0] AndroidManifest.xml:28:18-86
90        android:extractNativeLibs="false"
91        android:icon="@mipmap/ic_launcher"
91-->src\main\AndroidManifest.xml:47:9-43
92        android:label="@string/app_name"
92-->src\main\AndroidManifest.xml:48:9-41
93        android:roundIcon="@mipmap/ic_launcher_round"
93-->src\main\AndroidManifest.xml:49:9-54
94        android:supportsRtl="true"
94-->src\main\AndroidManifest.xml:50:9-35
95        android:theme="@style/Theme.SparkWallet" >
95-->src\main\AndroidManifest.xml:51:9-49
96        <activity
96-->src\main\AndroidManifest.xml:54:9-62:20
97            android:name="com.spark.wallet.MainActivity"
97-->src\main\AndroidManifest.xml:55:13-41
98            android:exported="true"
98-->src\main\AndroidManifest.xml:56:13-36
99            android:theme="@style/Theme.SparkWallet" >
99-->src\main\AndroidManifest.xml:57:13-53
100            <intent-filter>
100-->src\main\AndroidManifest.xml:58:13-61:29
101                <action android:name="android.intent.action.MAIN" />
101-->src\main\AndroidManifest.xml:59:17-69
101-->src\main\AndroidManifest.xml:59:25-66
102
103                <category android:name="android.intent.category.LAUNCHER" />
103-->src\main\AndroidManifest.xml:60:17-77
103-->src\main\AndroidManifest.xml:60:27-74
104            </intent-filter>
105        </activity>
106
107        <provider
107-->[androidx.emoji2:emoji2:1.3.0] AndroidManifest.xml:24:9-32:20
108            android:name="androidx.startup.InitializationProvider"
108-->[androidx.emoji2:emoji2:1.3.0] AndroidManifest.xml:25:13-67
109            android:authorities="com.spark.wallet.androidx-startup"
109-->[androidx.emoji2:emoji2:1.3.0] AndroidManifest.xml:26:13-68
110            android:exported="false" >
110-->[androidx.emoji2:emoji2:1.3.0] AndroidManifest.xml:27:13-37
111            <meta-data
111-->[androidx.emoji2:emoji2:1.3.0] AndroidManifest.xml:29:13-31:52
112                android:name="androidx.emoji2.text.EmojiCompatInitializer"
112-->[androidx.emoji2:emoji2:1.3.0] AndroidManifest.xml:30:17-75
113                android:value="androidx.startup" />
113-->[androidx.emoji2:emoji2:1.3.0] AndroidManifest.xml:31:17-49
114            <meta-data
114-->[androidx.lifecycle:lifecycle-process:2.8.7] AndroidManifest.xml:29:13-31:52
115                android:name="androidx.lifecycle.ProcessLifecycleInitializer"
115-->[androidx.lifecycle:lifecycle-process:2.8.7] AndroidManifest.xml:30:17-78
116                android:value="androidx.startup" />
116-->[androidx.lifecycle:lifecycle-process:2.8.7] AndroidManifest.xml:31:17-49
117            <meta-data
117-->[androidx.profileinstaller:profileinstaller:1.3.1] AndroidManifest.xml:29:13-31:52
118                android:name="androidx.profileinstaller.ProfileInstallerInitializer"
118-->[androidx.profileinstaller:profileinstaller:1.3.1] AndroidManifest.xml:30:17-85
119                android:value="androidx.startup" />
119-->[androidx.profileinstaller:profileinstaller:1.3.1] AndroidManifest.xml:31:17-49
120        </provider>
121
122        <service
122-->[androidx.room:room-runtime:2.6.1] AndroidManifest.xml:24:9-28:63
123            android:name="androidx.room.MultiInstanceInvalidationService"
123-->[androidx.room:room-runtime:2.6.1] AndroidManifest.xml:25:13-74
124            android:directBootAware="true"
124-->[androidx.room:room-runtime:2.6.1] AndroidManifest.xml:26:13-43
125            android:exported="false" />
125-->[androidx.room:room-runtime:2.6.1] AndroidManifest.xml:27:13-37
126        <!--
127		Service used to scan in background to emulate scanning with
128		PendingIntent on Android 4.3 - 7.x. Service will scan in background with given
129		settings and filters.
130        -->
131        <service
131-->[no.nordicsemi.android.support.v18:scanner:1.6.0] AndroidManifest.xml:41:9-43:40
132            android:name="no.nordicsemi.android.support.v18.scanner.ScannerService"
132-->[no.nordicsemi.android.support.v18:scanner:1.6.0] AndroidManifest.xml:42:13-84
133            android:exported="false" />
133-->[no.nordicsemi.android.support.v18:scanner:1.6.0] AndroidManifest.xml:43:13-37
134        <!--
135		The receiver used to scan with PendingIntent on Android 8+.
136		It will translate results from android.bluetooth.le package to
137		no.nordicsemi.android.support.v18, apply filters or perform batching,
138		depending on the settings.
139        -->
140        <receiver
140-->[no.nordicsemi.android.support.v18:scanner:1.6.0] AndroidManifest.xml:51:9-58:20
141            android:name="no.nordicsemi.android.support.v18.scanner.PendingIntentReceiver"
141-->[no.nordicsemi.android.support.v18:scanner:1.6.0] AndroidManifest.xml:52:13-91
142            android:exported="true" >
142-->[no.nordicsemi.android.support.v18:scanner:1.6.0] AndroidManifest.xml:53:13-36
143            <intent-filter>
143-->[no.nordicsemi.android.support.v18:scanner:1.6.0] AndroidManifest.xml:55:13-57:29
144                <action android:name="no.nordicsemi.android.support.v18.ACTION_FOUND" />
144-->[no.nordicsemi.android.support.v18:scanner:1.6.0] AndroidManifest.xml:56:17-89
144-->[no.nordicsemi.android.support.v18:scanner:1.6.0] AndroidManifest.xml:56:25-86
145            </intent-filter>
146        </receiver>
147        <receiver
147-->[androidx.profileinstaller:profileinstaller:1.3.1] AndroidManifest.xml:34:9-52:20
148            android:name="androidx.profileinstaller.ProfileInstallReceiver"
148-->[androidx.profileinstaller:profileinstaller:1.3.1] AndroidManifest.xml:35:13-76
149            android:directBootAware="false"
149-->[androidx.profileinstaller:profileinstaller:1.3.1] AndroidManifest.xml:36:13-44
150            android:enabled="true"
150-->[androidx.profileinstaller:profileinstaller:1.3.1] AndroidManifest.xml:37:13-35
151            android:exported="true"
151-->[androidx.profileinstaller:profileinstaller:1.3.1] AndroidManifest.xml:38:13-36
152            android:permission="android.permission.DUMP" >
152-->[androidx.profileinstaller:profileinstaller:1.3.1] AndroidManifest.xml:39:13-57
153            <intent-filter>
153-->[androidx.profileinstaller:profileinstaller:1.3.1] AndroidManifest.xml:40:13-42:29
154                <action android:name="androidx.profileinstaller.action.INSTALL_PROFILE" />
154-->[androidx.profileinstaller:profileinstaller:1.3.1] AndroidManifest.xml:41:17-91
154-->[androidx.profileinstaller:profileinstaller:1.3.1] AndroidManifest.xml:41:25-88
155            </intent-filter>
156            <intent-filter>
156-->[androidx.profileinstaller:profileinstaller:1.3.1] AndroidManifest.xml:43:13-45:29
157                <action android:name="androidx.profileinstaller.action.SKIP_FILE" />
157-->[androidx.profileinstaller:profileinstaller:1.3.1] AndroidManifest.xml:44:17-85
157-->[androidx.profileinstaller:profileinstaller:1.3.1] AndroidManifest.xml:44:25-82
158            </intent-filter>
159            <intent-filter>
159-->[androidx.profileinstaller:profileinstaller:1.3.1] AndroidManifest.xml:46:13-48:29
160                <action android:name="androidx.profileinstaller.action.SAVE_PROFILE" />
160-->[androidx.profileinstaller:profileinstaller:1.3.1] AndroidManifest.xml:47:17-88
160-->[androidx.profileinstaller:profileinstaller:1.3.1] AndroidManifest.xml:47:25-85
161            </intent-filter>
162            <intent-filter>
162-->[androidx.profileinstaller:profileinstaller:1.3.1] AndroidManifest.xml:49:13-51:29
163                <action android:name="androidx.profileinstaller.action.BENCHMARK_OPERATION" />
163-->[androidx.profileinstaller:profileinstaller:1.3.1] AndroidManifest.xml:50:17-95
163-->[androidx.profileinstaller:profileinstaller:1.3.1] AndroidManifest.xml:50:25-92
164            </intent-filter>
165        </receiver>
166
167        <activity
167-->[com.journeyapps:zxing-android-embedded:4.3.0] AndroidManifest.xml:47:9-53:63
168            android:name="com.journeyapps.barcodescanner.CaptureActivity"
168-->[com.journeyapps:zxing-android-embedded:4.3.0] AndroidManifest.xml:48:13-74
169            android:clearTaskOnLaunch="true"
169-->[com.journeyapps:zxing-android-embedded:4.3.0] AndroidManifest.xml:49:13-45
170            android:screenOrientation="sensorLandscape"
170-->[com.journeyapps:zxing-android-embedded:4.3.0] AndroidManifest.xml:50:13-56
171            android:stateNotNeeded="true"
171-->[com.journeyapps:zxing-android-embedded:4.3.0] AndroidManifest.xml:51:13-42
172            android:theme="@style/zxing_CaptureTheme"
172-->[com.journeyapps:zxing-android-embedded:4.3.0] AndroidManifest.xml:52:13-54
173            android:windowSoftInputMode="stateAlwaysHidden" />
173-->[com.journeyapps:zxing-android-embedded:4.3.0] AndroidManifest.xml:53:13-60
174    </application>
175
176</manifest>